2019-09-26 11:07:14 [scrapy.utils.log] INFO: Scrapy 1.5.2 started (bot: mySpider)
2019-09-26 11:07:14 [scrapy.utils.log] INFO: Versions: lxml 3.8.0.0, libxml2 2.9.4, cssselect 1.1.0, parsel 1.2.0, w3lib 1.17.0, Twisted 19.7.0, Python 3.6.2 |Continuum Analytics, Inc.| (default, Jul 20 2017, 12:30:02) [MSC v.1900 64 bit (AMD64)], pyOpenSSL 19.0.0 (OpenSSL 1.1.1c  28 May 2019), cryptography 2.7, Platform Windows-10-10.0.18362-SP0
2019-09-26 11:07:14 [scrapy.crawler] INFO: Overridden settings: {'BOT_NAME': 'mySpider', 'CONCURRENT_REQUESTS': 8, 'DOWNLOAD_DELAY': 0.5, 'LOG_FILE': 'my_log.log', 'LOG_LEVEL': 'INFO', 'NEWSPIDER_MODULE': 'mySpider.spiders', 'SPIDER_MODULES': ['mySpider.spiders'], 'USER_AGENT': 'Mozilla/5.0 (Windows NT 10.0; Win64; x64) AppleWebKit/537.36 (KHTML, like Gecko) Chrome/77.0.3865.75 Safari/537.36'}
2019-09-26 11:07:14 [scrapy.extensions.telnet] INFO: Telnet Password: 88e410d1829c9432
2019-09-26 11:07:14 [scrapy.middleware] INFO: Enabled extensions:
['scrapy.extensions.corestats.CoreStats',
 'scrapy.extensions.telnet.TelnetConsole',
 'scrapy.extensions.logstats.LogStats']
2019-09-26 11:07:14 [scrapy.middleware] INFO: Enabled downloader middlewares:
['mySpider.middlewares.Random_api_Proxy',
 'scrapy.downloadermiddlewares.httpauth.HttpAuthMiddleware',
 'mySpider.middlewares.RandomUserAgent',
 'scrapy.downloadermiddlewares.downloadtimeout.DownloadTimeoutMiddleware',
 'scrapy.downloadermiddlewares.defaultheaders.DefaultHeadersMiddleware',
 'scrapy.downloadermiddlewares.useragent.UserAgentMiddleware',
 'mySpider.middlewares.Random_txt_Proxy',
 'scrapy.downloadermiddlewares.retry.RetryMiddleware',
 'scrapy.downloadermiddlewares.redirect.MetaRefreshMiddleware',
 'scrapy.downloadermiddlewares.httpcompression.HttpCompressionMiddleware',
 'scrapy.downloadermiddlewares.redirect.RedirectMiddleware',
 'scrapy.downloadermiddlewares.cookies.CookiesMiddleware',
 'scrapy.downloadermiddlewares.httpproxy.HttpProxyMiddleware',
 'scrapy.downloadermiddlewares.stats.DownloaderStats']
2019-09-26 11:07:14 [scrapy.middleware] INFO: Enabled spider middlewares:
['scrapy.spidermiddlewares.httperror.HttpErrorMiddleware',
 'scrapy.spidermiddlewares.offsite.OffsiteMiddleware',
 'scrapy.spidermiddlewares.referer.RefererMiddleware',
 'scrapy.spidermiddlewares.urllength.UrlLengthMiddleware',
 'scrapy.spidermiddlewares.depth.DepthMiddleware']
2019-09-26 11:07:22 [scrapy.middleware] INFO: Enabled item pipelines:
['mySpider.pipelines.LiepingPieline']
2019-09-26 11:07:22 [scrapy.core.engine] INFO: Spider opened
2019-09-26 11:07:22 [scrapy.extensions.logstats] INFO: Crawled 0 pages (at 0 pages/min), scraped 0 items (at 0 items/min)
2019-09-26 11:07:22 [scrapy.core.scraper] ERROR: Error downloading <GET https://www.liepin.com/zhaopin/?key=python%E7%88%AC%E8%99%AB>
Traceback (most recent call last):
  File "D:\Anaconda3\envs\scrapys\lib\site-packages\twisted\internet\defer.py", line 1418, in _inlineCallbacks
    result = g.send(result)
  File "D:\Anaconda3\envs\scrapys\lib\site-packages\scrapy\core\downloader\middleware.py", line 37, in process_request
    response = yield method(request=request, spider=spider)
  File "E:\python_code\Search\learn_scrapy\mySpider\mySpider\middlewares.py", line 133, in process_request
    if proxy['user_passwd'] is None:
TypeError: string indices must be integers
2019-09-26 11:07:22 [scrapy.core.engine] INFO: Closing spider (finished)
2019-09-26 11:07:22 [scrapy.statscollectors] INFO: Dumping Scrapy stats:
{'downloader/exception_count': 1,
 'downloader/exception_type_count/builtins.TypeError': 1,
 'finish_reason': 'finished',
 'finish_time': datetime.datetime(2019, 9, 26, 3, 7, 22, 743632),
 'log_count/ERROR': 1,
 'log_count/INFO': 8,
 'scheduler/dequeued': 1,
 'scheduler/dequeued/memory': 1,
 'scheduler/enqueued': 1,
 'scheduler/enqueued/memory': 1,
 'start_time': datetime.datetime(2019, 9, 26, 3, 7, 22, 498329)}
2019-09-26 11:07:22 [scrapy.core.engine] INFO: Spider closed (finished)
2019-09-26 11:09:57 [scrapy.utils.log] INFO: Scrapy 1.5.2 started (bot: mySpider)
2019-09-26 11:09:57 [scrapy.utils.log] INFO: Versions: lxml 3.8.0.0, libxml2 2.9.4, cssselect 1.1.0, parsel 1.2.0, w3lib 1.17.0, Twisted 19.7.0, Python 3.6.2 |Continuum Analytics, Inc.| (default, Jul 20 2017, 12:30:02) [MSC v.1900 64 bit (AMD64)], pyOpenSSL 19.0.0 (OpenSSL 1.1.1c  28 May 2019), cryptography 2.7, Platform Windows-10-10.0.18362-SP0
2019-09-26 11:09:57 [scrapy.crawler] INFO: Overridden settings: {'BOT_NAME': 'mySpider', 'CONCURRENT_REQUESTS': 8, 'DOWNLOAD_DELAY': 0.5, 'LOG_FILE': 'my_log.log', 'NEWSPIDER_MODULE': 'mySpider.spiders', 'SPIDER_MODULES': ['mySpider.spiders'], 'USER_AGENT': 'Mozilla/5.0 (Windows NT 10.0; Win64; x64) AppleWebKit/537.36 (KHTML, like Gecko) Chrome/77.0.3865.75 Safari/537.36'}
2019-09-26 11:09:57 [scrapy.extensions.telnet] INFO: Telnet Password: 93128c4d15e788bc
2019-09-26 11:09:57 [scrapy.middleware] INFO: Enabled extensions:
['scrapy.extensions.corestats.CoreStats',
 'scrapy.extensions.telnet.TelnetConsole',
 'scrapy.extensions.logstats.LogStats']
2019-09-26 11:09:58 [scrapy.middleware] INFO: Enabled downloader middlewares:
['mySpider.middlewares.Random_api_Proxy',
 'scrapy.downloadermiddlewares.httpauth.HttpAuthMiddleware',
 'mySpider.middlewares.RandomUserAgent',
 'scrapy.downloadermiddlewares.downloadtimeout.DownloadTimeoutMiddleware',
 'scrapy.downloadermiddlewares.defaultheaders.DefaultHeadersMiddleware',
 'scrapy.downloadermiddlewares.useragent.UserAgentMiddleware',
 'mySpider.middlewares.Random_txt_Proxy',
 'scrapy.downloadermiddlewares.retry.RetryMiddleware',
 'scrapy.downloadermiddlewares.redirect.MetaRefreshMiddleware',
 'scrapy.downloadermiddlewares.httpcompression.HttpCompressionMiddleware',
 'scrapy.downloadermiddlewares.redirect.RedirectMiddleware',
 'scrapy.downloadermiddlewares.cookies.CookiesMiddleware',
 'scrapy.downloadermiddlewares.httpproxy.HttpProxyMiddleware',
 'scrapy.downloadermiddlewares.stats.DownloaderStats']
2019-09-26 11:09:58 [scrapy.middleware] INFO: Enabled spider middlewares:
['scrapy.spidermiddlewares.httperror.HttpErrorMiddleware',
 'scrapy.spidermiddlewares.offsite.OffsiteMiddleware',
 'scrapy.spidermiddlewares.referer.RefererMiddleware',
 'scrapy.spidermiddlewares.urllength.UrlLengthMiddleware',
 'scrapy.spidermiddlewares.depth.DepthMiddleware']
2019-09-26 11:10:03 [scrapy.middleware] INFO: Enabled item pipelines:
['mySpider.pipelines.LiepingPieline']
2019-09-26 11:10:03 [scrapy.core.engine] INFO: Spider opened
2019-09-26 11:10:03 [scrapy.extensions.logstats] INFO: Crawled 0 pages (at 0 pages/min), scraped 0 items (at 0 items/min)
2019-09-26 11:10:03 [scrapy.extensions.telnet] DEBUG: Telnet console listening on 127.0.0.1:6023
2019-09-26 11:10:03 [scrapy.core.scraper] ERROR: Error downloading <GET https://www.liepin.com/zhaopin/?key=python%E7%88%AC%E8%99%AB>
Traceback (most recent call last):
  File "D:\Anaconda3\envs\scrapys\lib\site-packages\twisted\internet\defer.py", line 1418, in _inlineCallbacks
    result = g.send(result)
  File "D:\Anaconda3\envs\scrapys\lib\site-packages\scrapy\core\downloader\middleware.py", line 37, in process_request
    response = yield method(request=request, spider=spider)
  File "E:\python_code\Search\learn_scrapy\mySpider\mySpider\middlewares.py", line 133, in process_request
    if proxy['user_passwd'] is None:
TypeError: string indices must be integers
2019-09-26 11:10:03 [scrapy.core.engine] INFO: Closing spider (finished)
2019-09-26 11:10:03 [scrapy.statscollectors] INFO: Dumping Scrapy stats:
{'downloader/exception_count': 1,
 'downloader/exception_type_count/builtins.TypeError': 1,
 'finish_reason': 'finished',
 'finish_time': datetime.datetime(2019, 9, 26, 3, 10, 3, 934456),
 'log_count/DEBUG': 1,
 'log_count/ERROR': 1,
 'log_count/INFO': 8,
 'scheduler/dequeued': 1,
 'scheduler/dequeued/memory': 1,
 'scheduler/enqueued': 1,
 'scheduler/enqueued/memory': 1,
 'start_time': datetime.datetime(2019, 9, 26, 3, 10, 3, 711391)}
2019-09-26 11:10:03 [scrapy.core.engine] INFO: Spider closed (finished)
2019-09-26 11:10:19 [scrapy.utils.log] INFO: Scrapy 1.5.2 started (bot: mySpider)
2019-09-26 11:10:19 [scrapy.utils.log] INFO: Versions: lxml 3.8.0.0, libxml2 2.9.4, cssselect 1.1.0, parsel 1.2.0, w3lib 1.17.0, Twisted 19.7.0, Python 3.6.2 |Continuum Analytics, Inc.| (default, Jul 20 2017, 12:30:02) [MSC v.1900 64 bit (AMD64)], pyOpenSSL 19.0.0 (OpenSSL 1.1.1c  28 May 2019), cryptography 2.7, Platform Windows-10-10.0.18362-SP0
2019-09-26 11:10:19 [scrapy.crawler] INFO: Overridden settings: {'BOT_NAME': 'mySpider', 'CONCURRENT_REQUESTS': 8, 'DOWNLOAD_DELAY': 0.5, 'LOG_FILE': 'my_log.log', 'NEWSPIDER_MODULE': 'mySpider.spiders', 'SPIDER_MODULES': ['mySpider.spiders'], 'USER_AGENT': 'Mozilla/5.0 (Windows NT 10.0; Win64; x64) AppleWebKit/537.36 (KHTML, like Gecko) Chrome/77.0.3865.75 Safari/537.36'}
2019-09-26 11:10:19 [scrapy.extensions.telnet] INFO: Telnet Password: d03ba364ac2f692e
2019-09-26 11:10:19 [scrapy.middleware] INFO: Enabled extensions:
['scrapy.extensions.corestats.CoreStats',
 'scrapy.extensions.telnet.TelnetConsole',
 'scrapy.extensions.logstats.LogStats']
2019-09-26 11:10:19 [scrapy.middleware] INFO: Enabled downloader middlewares:
['mySpider.middlewares.Random_api_Proxy',
 'scrapy.downloadermiddlewares.httpauth.HttpAuthMiddleware',
 'mySpider.middlewares.RandomUserAgent',
 'scrapy.downloadermiddlewares.downloadtimeout.DownloadTimeoutMiddleware',
 'scrapy.downloadermiddlewares.defaultheaders.DefaultHeadersMiddleware',
 'scrapy.downloadermiddlewares.useragent.UserAgentMiddleware',
 'mySpider.middlewares.Random_txt_Proxy',
 'scrapy.downloadermiddlewares.retry.RetryMiddleware',
 'scrapy.downloadermiddlewares.redirect.MetaRefreshMiddleware',
 'scrapy.downloadermiddlewares.httpcompression.HttpCompressionMiddleware',
 'scrapy.downloadermiddlewares.redirect.RedirectMiddleware',
 'scrapy.downloadermiddlewares.cookies.CookiesMiddleware',
 'scrapy.downloadermiddlewares.httpproxy.HttpProxyMiddleware',
 'scrapy.downloadermiddlewares.stats.DownloaderStats']
2019-09-26 11:10:19 [scrapy.middleware] INFO: Enabled spider middlewares:
['scrapy.spidermiddlewares.httperror.HttpErrorMiddleware',
 'scrapy.spidermiddlewares.offsite.OffsiteMiddleware',
 'scrapy.spidermiddlewares.referer.RefererMiddleware',
 'scrapy.spidermiddlewares.urllength.UrlLengthMiddleware',
 'scrapy.spidermiddlewares.depth.DepthMiddleware']
2019-09-26 11:10:24 [scrapy.middleware] INFO: Enabled item pipelines:
['mySpider.pipelines.LiepingPieline']
2019-09-26 11:10:24 [scrapy.core.engine] INFO: Spider opened
2019-09-26 11:10:24 [scrapy.extensions.logstats] INFO: Crawled 0 pages (at 0 pages/min), scraped 0 items (at 0 items/min)
2019-09-26 11:10:24 [scrapy.extensions.telnet] DEBUG: Telnet console listening on 127.0.0.1:6023
2019-09-26 11:10:25 [scrapy.core.scraper] ERROR: Error downloading <GET https://www.liepin.com/zhaopin/?key=python>
Traceback (most recent call last):
  File "D:\Anaconda3\envs\scrapys\lib\site-packages\twisted\internet\defer.py", line 1418, in _inlineCallbacks
    result = g.send(result)
  File "D:\Anaconda3\envs\scrapys\lib\site-packages\scrapy\core\downloader\middleware.py", line 37, in process_request
    response = yield method(request=request, spider=spider)
  File "E:\python_code\Search\learn_scrapy\mySpider\mySpider\middlewares.py", line 133, in process_request
    if proxy['user_passwd'] is None:
TypeError: string indices must be integers
2019-09-26 11:10:25 [scrapy.core.engine] INFO: Closing spider (finished)
2019-09-26 11:10:25 [scrapy.statscollectors] INFO: Dumping Scrapy stats:
{'downloader/exception_count': 1,
 'downloader/exception_type_count/builtins.TypeError': 1,
 'finish_reason': 'finished',
 'finish_time': datetime.datetime(2019, 9, 26, 3, 10, 25, 164319),
 'log_count/DEBUG': 1,
 'log_count/ERROR': 1,
 'log_count/INFO': 8,
 'scheduler/dequeued': 1,
 'scheduler/dequeued/memory': 1,
 'scheduler/enqueued': 1,
 'scheduler/enqueued/memory': 1,
 'start_time': datetime.datetime(2019, 9, 26, 3, 10, 24, 942176)}
2019-09-26 11:10:25 [scrapy.core.engine] INFO: Spider closed (finished)
